Library/Bee/Android/Prj/IL2CPP/Gradle/launcher/build/intermediates/manifest_merge_blame_file/release/manifest-merger-blame-release-report.txt
1<?xml version="1.0" encoding="utf-8"?>
2<manifest xmlns:android="http://schemas.android.com/apk/res/android"
3    package="com.raphaelcarrard.cowboyrunner"
4    android:installLocation="preferExternal"
5    android:versionCode="1"
6    android:versionName="1.0" >
7
8    <uses-sdk
9        android:minSdkVersion="23"
9-->src\main\AndroidManifest.xml
10        android:targetSdkVersion="33" />
10-->src\main\AndroidManifest.xml
11
12    <supports-screens
12-->src\main\AndroidManifest.xml:4:3-163
13        android:anyDensity="true"
13-->src\main\AndroidManifest.xml:4:135-160
14        android:largeScreens="true"
14-->src\main\AndroidManifest.xml:4:78-105
15        android:normalScreens="true"
15-->src\main\AndroidManifest.xml:4:49-77
16        android:smallScreens="true"
16-->src\main\AndroidManifest.xml:4:21-48
17        android:xlargeScreens="true" />
17-->src\main\AndroidManifest.xml:4:106-134
18
19    <uses-feature android:glEsVersion="0x00030000" />
19-->[:unityLibrary] AndroidManifest.xml:10:5-54
19-->[:unityLibrary] AndroidManifest.xml:10:19-51
20    <uses-feature
20-->[:unityLibrary] AndroidManifest.xml:11:5-13:36
21        android:name="android.hardware.touchscreen"
21-->[:unityLibrary] AndroidManifest.xml:12:9-52
22        android:required="false" />
22-->[:unityLibrary] AndroidManifest.xml:13:9-33
23    <uses-feature
23-->[:unityLibrary] AndroidManifest.xml:14:5-16:36
24        android:name="android.hardware.touchscreen.multitouch"
24-->[:unityLibrary] AndroidManifest.xml:15:9-63
25        android:required="false" />
25-->[:unityLibrary] AndroidManifest.xml:16:9-33
26    <uses-feature
26-->[:unityLibrary] AndroidManifest.xml:17:5-19:36
27        android:name="android.hardware.touchscreen.multitouch.distinct"
27-->[:unityLibrary] AndroidManifest.xml:18:9-72
28        android:required="false" />
28-->[:unityLibrary] AndroidManifest.xml:19:9-33
29
30    <permission
30-->[androidx.core:core:1.9.0] AndroidManifest.xml:22:5-24:47
31        android:name="com.raphaelcarrard.cowboyrunner.DYNAMIC_RECEIVER_NOT_EXPORTED_PERMISSION"
31-->[androidx.core:core:1.9.0] AndroidManifest.xml:23:9-81
32        android:protectionLevel="signature" />
32-->[androidx.core:core:1.9.0] AndroidManifest.xml:24:9-44
33
34    <uses-permission android:name="com.raphaelcarrard.cowboyrunner.DYNAMIC_RECEIVER_NOT_EXPORTED_PERMISSION" />
34-->[androidx.core:core:1.9.0] AndroidManifest.xml:26:5-97
34-->[androidx.core:core:1.9.0] AndroidManifest.xml:26:22-94
35
36    <application
36-->src\main\AndroidManifest.xml:3:3-83
37        android:appComponentFactory="androidx.core.app.CoreComponentFactory"
37-->[androidx.core:core:1.9.0] AndroidManifest.xml:28:18-86
38        android:extractNativeLibs="true"
38-->[:unityLibrary] AndroidManifest.xml:21:18-50
39        android:icon="@mipmap/app_icon"
39-->src\main\AndroidManifest.xml:3:16-47
40        android:label="@string/app_name" >
40-->src\main\AndroidManifest.xml:3:48-80
41        <meta-data
41-->[:unityLibrary] AndroidManifest.xml:22:9-24:33
42            android:name="unity.splash-mode"
42-->[:unityLibrary] AndroidManifest.xml:23:13-45
43            android:value="0" />
43-->[:unityLibrary] AndroidManifest.xml:24:13-30
44        <meta-data
44-->[:unityLibrary] AndroidManifest.xml:25:9-27:36
45            android:name="unity.splash-enable"
45-->[:unityLibrary] AndroidManifest.xml:26:13-47
46            android:value="True" />
46-->[:unityLibrary] AndroidManifest.xml:27:13-33
47        <meta-data
47-->[:unityLibrary] AndroidManifest.xml:28:9-30:36
48            android:name="unity.launch-fullscreen"
48-->[:unityLibrary] AndroidManifest.xml:29:13-51
49            android:value="True" />
49-->[:unityLibrary] AndroidManifest.xml:30:13-33
50        <meta-data
50-->[:unityLibrary] AndroidManifest.xml:31:9-33:50
51            android:name="notch.config"
51-->[:unityLibrary] AndroidManifest.xml:32:13-40
52            android:value="portrait|landscape" />
52-->[:unityLibrary] AndroidManifest.xml:33:13-47
53        <meta-data
53-->[:unityLibrary] AndroidManifest.xml:34:9-36:36
54            android:name="unity.auto-report-fully-drawn"
54-->[:unityLibrary] AndroidManifest.xml:35:13-57
55            android:value="true" />
55-->[:unityLibrary] AndroidManifest.xml:36:13-33
56        <meta-data
56-->[:unityLibrary] AndroidManifest.xml:37:9-39:36
57            android:name="unity.strip-engine-code"
57-->[:unityLibrary] AndroidManifest.xml:38:13-51
58            android:value="true" />
58-->[:unityLibrary] AndroidManifest.xml:39:13-33
59
60        <activity
60-->[:unityLibrary] AndroidManifest.xml:41:9-66:20
61            android:name="com.unity3d.player.UnityPlayerGameActivity"
61-->[:unityLibrary] AndroidManifest.xml:42:13-70
62            android:configChanges="mcc|mnc|locale|touchscreen|keyboard|keyboardHidden|navigation|orientation|screenLayout|uiMode|screenSize|smallestScreenSize|fontScale|layoutDirection|density"
62-->[:unityLibrary] AndroidManifest.xml:43:13-194
63            android:enabled="true"
63-->[:unityLibrary] AndroidManifest.xml:44:13-35
64            android:exported="true"
64-->[:unityLibrary] AndroidManifest.xml:45:13-36
65            android:hardwareAccelerated="false"
65-->[:unityLibrary] AndroidManifest.xml:46:13-48
66            android:launchMode="singleTask"
66-->[:unityLibrary] AndroidManifest.xml:47:13-44
67            android:resizeableActivity="false"
67-->[:unityLibrary] AndroidManifest.xml:48:13-47
68            android:screenOrientation="userLandscape"
68-->[:unityLibrary] AndroidManifest.xml:49:13-54
69            android:theme="@style/BaseUnityGameActivityTheme" >
69-->[:unityLibrary] AndroidManifest.xml:50:13-62
70            <intent-filter>
70-->[:unityLibrary] AndroidManifest.xml:51:13-55:29
71                <category android:name="android.intent.category.LAUNCHER" />
71-->[:unityLibrary] AndroidManifest.xml:52:17-77
71-->[:unityLibrary] AndroidManifest.xml:52:27-74
72
73                <action android:name="android.intent.action.MAIN" />
73-->[:unityLibrary] AndroidManifest.xml:54:17-69
73-->[:unityLibrary] AndroidManifest.xml:54:25-66
74            </intent-filter>
75
76            <meta-data
76-->[:unityLibrary] AndroidManifest.xml:57:13-59:40
77                android:name="unityplayer.UnityActivity"
77-->[:unityLibrary] AndroidManifest.xml:58:17-57
78                android:value="true" />
78-->[:unityLibrary] AndroidManifest.xml:59:17-37
79            <meta-data
79-->[:unityLibrary] AndroidManifest.xml:60:13-62:40
80                android:name="android.app.lib_name"
80-->[:unityLibrary] AndroidManifest.xml:61:17-52
81                android:value="game" />
81-->[:unityLibrary] AndroidManifest.xml:62:17-37
82            <meta-data
82-->[:unityLibrary] AndroidManifest.xml:63:13-65:40
83                android:name="notch_support"
83-->[:unityLibrary] AndroidManifest.xml:64:17-45
84                android:value="true" />
84-->[:unityLibrary] AndroidManifest.xml:65:17-37
85        </activity>
86
87        <provider
87-->[androidx.emoji2:emoji2:1.2.0] AndroidManifest.xml:24:9-32:20
88            android:name="androidx.startup.InitializationProvider"
88-->[androidx.emoji2:emoji2:1.2.0] AndroidManifest.xml:25:13-67
89            android:authorities="com.raphaelcarrard.cowboyrunner.androidx-startup"
89-->[androidx.emoji2:emoji2:1.2.0] AndroidManifest.xml:26:13-68
90            android:exported="false" >
90-->[androidx.emoji2:emoji2:1.2.0] AndroidManifest.xml:27:13-37
91            <meta-data
91-->[androidx.emoji2:emoji2:1.2.0] AndroidManifest.xml:29:13-31:52
92                android:name="androidx.emoji2.text.EmojiCompatInitializer"
92-->[androidx.emoji2:emoji2:1.2.0] AndroidManifest.xml:30:17-75
93                android:value="androidx.startup" />
93-->[androidx.emoji2:emoji2:1.2.0] AndroidManifest.xml:31:17-49
94            <meta-data
94-->[androidx.lifecycle:lifecycle-process:2.4.1] AndroidManifest.xml:31:13-33:52
95                android:name="androidx.lifecycle.ProcessLifecycleInitializer"
95-->[androidx.lifecycle:lifecycle-process:2.4.1] AndroidManifest.xml:32:17-78
96                android:value="androidx.startup" />
96-->[androidx.lifecycle:lifecycle-process:2.4.1] AndroidManifest.xml:33:17-49
97        </provider>
98    </application>
99
100</manifest>